<?xml version="1.0" encoding="UTF-8"?>
<!-- Generated by org.testng.reporters.JUnitXMLReporter -->
<testsuite ignored="1" hostname="DESKTOP-VAQKFJ2" failures="1" tests="1" name="Account Overview Functionality Validation(failed)" time="8.787" errors="0" timestamp="25 Apr 2024 09:33:58 GMT">
  <testcase classname="com.qa.tests.AccountOverviewSuite" name="TC_AOF_002_VerifyUserLandOnAccountDetailsPageAfterClickOnAccountNumberFromAccountOverviewPage" time="3.098">
    <failure type="java.lang.AssertionError" message="The following asserts failed:
	expected [14121] but found [0]">
      <![CDATA[java.lang.AssertionError: The following asserts failed:
expected [14121] but found [0]
at com.qa.tests.AccountOverviewSuite.TC_AOF_002_VerifyUserLandOnAccountDetailsPageAfterClickOnAccountNumberFromAccountOverviewPage(AccountOverviewSuite.java:68)
... Removed 26 stack frames]]>
    </failure>
  </testcase> <!-- TC_AOF_002_VerifyUserLandOnAccountDetailsPageAfterClickOnAccountNumberFromAccountOverviewPage -->
  <testcase classname="com.qa.tests.AccountOverviewSuite" name="TC_AOF_001_VerifyWhetherAccountOverviewPageDisplayedOrNot" time="0.0">
    <ignored/>
  </testcase> <!-- TC_AOF_001_VerifyWhetherAccountOverviewPageDisplayedOrNot -->
</testsuite> <!-- Account Overview Functionality Validation(failed) -->
