<?xml version="1.0" encoding="UTF-8"?>
<!-- Generated by org.testng.reporters.JUnitXMLReporter -->
<testsuite ignored="0" hostname="DESKTOP-VAQKFJ2" failures="1" tests="1" name="Register Functionality Validation(failed)" time="10.923" errors="0" timestamp="25 Apr 2024 09:33:49 GMT">
  <testcase classname="com.qa.tests.UserSignUpSuite" name="TC_RF_001_VerifyWhetherTheUserABleToRegisterInParaBankApplicationWithValidTestData" time="3.606">
    <failure type="java.lang.AssertionError" message="User is not able to complete SignUp Process">
      <![CDATA[java.lang.AssertionError: User is not able to complete SignUp Process
at com.qa.pageObjects.SignUpPage.verifyUserSuccessfullyCompletedSignUpProcess(SignUpPage.java:172)
at com.qa.tests.UserSignUpSuite.TC_RF_001_VerifyWhetherTheUserABleToRegisterInParaBankApplicationWithValidTestData(UserSignUpSuite.java:51)
... Removed 26 stack frames]]>
    </failure>
  </testcase> <!-- TC_RF_001_VerifyWhetherTheUserABleToRegisterInParaBankApplicationWithValidTestData -->
</testsuite> <!-- Register Functionality Validation(failed) -->
