<?xml version="1.0" encoding="UTF-8"?>
<!-- Generated by org.testng.reporters.JUnitXMLReporter -->
<testsuite ignored="0" hostname="DESKTOP-VAQKFJ2" failures="2" tests="2" name="Test2" time="40.473" errors="0" timestamp="02 May 2024 08:33:00 GMT">
  <testcase classname="com.qa.tests.TransferFundsSuite" name="TC_TF_001_VerifyWhetherUserIsLandOnTransferFundPage" time="7.025">
    <failure type="java.lang.AssertionError" message="expected [true] but found [false]">
      <![CDATA[java.lang.AssertionError: expected [true] but found [false]
at com.qa.tests.TransferFundsSuite.TC_TF_001_VerifyWhetherUserIsLandOnTransferFundPage(TransferFundsSuite.java:45)
... Removed 29 stack frames]]>
    </failure>
  </testcase> <!-- TC_TF_001_VerifyWhetherUserIsLandOnTransferFundPage -->
  <testcase classname="com.qa.tests.TransferFundsSuite" name="TC_TF_002_VerifyWhetherTheUserAbleToTransferFund" time="19.362">
    <failure type="java.lang.AssertionError" message="Not able to Click on Transfer Funds Tab">
      <![CDATA[java.lang.AssertionError: Not able to Click on Transfer Funds Tab
at com.qa.reusableComponents.CommonMethods.click_custom(CommonMethods.java:108)
at com.qa.pageObjects.HomePage.clickOnTransferFundsTab(HomePage.java:61)
at com.qa.tests.TransferFundsSuite.TC_TF_002_VerifyWhetherTheUserAbleToTransferFund(TransferFundsSuite.java:67)
... Removed 26 stack frames]]>
    </failure>
  </testcase> <!-- TC_TF_002_VerifyWhetherTheUserAbleToTransferFund -->
</testsuite> <!-- Test2 -->
