<?xml version="1.0" encoding="UTF-8"?>
<testng-results ignored="0" total="10" passed="9" failed="1" skipped="0">
  <reporter-output>
  </reporter-output>
  <suite started-at="2024-04-25T10:16:19Z" name="Para Bank Web Application " finished-at="2024-04-25T10:17:13Z" duration-ms="53524">
    <groups>
      <group name="SignUp">
        <method signature="UserSignUpSuite.TC_RF_001_VerifyWhetherTheUserABleToRegisterInParaBankApplicationWithValidTestData()[pri:1, instance:com.qa.tests.UserSignUpSuite@28cb3a25]" name="TC_RF_001_VerifyWhetherTheUserABleToRegisterInParaBankApplicationWithValidTestData" class="com.qa.tests.UserSignUpSuite"/>
      </group> <!-- SignUp -->
      <group name="Regression">
        <method signature="UserSignUpSuite.TC_RF_001_VerifyWhetherTheUserABleToRegisterInParaBankApplicationWithValidTestData()[pri:1, instance:com.qa.tests.UserSignUpSuite@28cb3a25]" name="TC_RF_001_VerifyWhetherTheUserABleToRegisterInParaBankApplicationWithValidTestData" class="com.qa.tests.UserSignUpSuite"/>
        <method signature="LoginSuite.TC_LF_001_VerifyUserLoginIntoApplicationWithValidCredentials()[pri:1, instance:com.qa.tests.LoginSuite@b16e202]" name="TC_LF_001_VerifyUserLoginIntoApplicationWithValidCredentials" class="com.qa.tests.LoginSuite"/>
        <method signature="AccountOverviewSuite.TC_AOF_001_VerifyWhetherAccountOverviewPageDisplayedOrNot()[pri:1, instance:com.qa.tests.AccountOverviewSuite@f91da5e]" name="TC_AOF_001_VerifyWhetherAccountOverviewPageDisplayedOrNot" class="com.qa.tests.AccountOverviewSuite"/>
        <method signature="AccountOverviewSuite.TC_AOF_002_VerifyUserLandOnAccountDetailsPageAfterClickOnAccountNumberFromAccountOverviewPage()[pri:2, instance:com.qa.tests.AccountOverviewSuite@f91da5e]" name="TC_AOF_002_VerifyUserLandOnAccountDetailsPageAfterClickOnAccountNumberFromAccountOverviewPage" class="com.qa.tests.AccountOverviewSuite"/>
        <method signature="OpenNewAccountSuite.TC_ONA_001_VerifyWhetherCheckingOptionPresentInAccountTypeDropdown()[pri:1, instance:com.qa.tests.OpenNewAccountSuite@7903d448]" name="TC_ONA_001_VerifyWhetherCheckingOptionPresentInAccountTypeDropdown" class="com.qa.tests.OpenNewAccountSuite"/>
        <method signature="OpenNewAccountSuite.TC_ONA_002_VerifyWhetherSavingOptionPresentInAccountTypeDropdown()[pri:2, instance:com.qa.tests.OpenNewAccountSuite@7903d448]" name="TC_ONA_002_VerifyWhetherSavingOptionPresentInAccountTypeDropdown" class="com.qa.tests.OpenNewAccountSuite"/>
        <method signature="OpenNewAccountSuite.TC_ONA_003_VerifyWhetherTheUserAbleToCreateNewAccountWithCheckingAccountType()[pri:3, instance:com.qa.tests.OpenNewAccountSuite@7903d448]" name="TC_ONA_003_VerifyWhetherTheUserAbleToCreateNewAccountWithCheckingAccountType" class="com.qa.tests.OpenNewAccountSuite"/>
        <method signature="OpenNewAccountSuite.TC_ONA_004_VerifyWhetherTheUserAbleToCreateNewAccountWithSavingAccountType()[pri:4, instance:com.qa.tests.OpenNewAccountSuite@7903d448]" name="TC_ONA_004_VerifyWhetherTheUserAbleToCreateNewAccountWithSavingAccountType" class="com.qa.tests.OpenNewAccountSuite"/>
        <method signature="TransferFundsSuite.TC_TF_001_VerifyWhetherUserIsLandOnTransferFundPage()[pri:1, instance:com.qa.tests.TransferFundsSuite@5ec4ff02]" name="TC_TF_001_VerifyWhetherUserIsLandOnTransferFundPage" class="com.qa.tests.TransferFundsSuite"/>
        <method signature="TransferFundsSuite.TC_TF_002_VerifyWhetherTheUserAbleToTransferFund()[pri:2, instance:com.qa.tests.TransferFundsSuite@5ec4ff02]" name="TC_TF_002_VerifyWhetherTheUserAbleToTransferFund" class="com.qa.tests.TransferFundsSuite"/>
      </group> <!-- Regression -->
      <group name="Login">
        <method signature="LoginSuite.TC_LF_001_VerifyUserLoginIntoApplicationWithValidCredentials()[pri:1, instance:com.qa.tests.LoginSuite@b16e202]" name="TC_LF_001_VerifyUserLoginIntoApplicationWithValidCredentials" class="com.qa.tests.LoginSuite"/>
      </group> <!-- Login -->
    </groups>
    <test started-at="2024-04-25T10:16:19Z" name="Login Functionality Validation" finished-at="2024-04-25T10:16:39Z" duration-ms="20007">
      <class name="com.qa.tests.LoginSuite">
        <test-method is-config="true" signature="initialize_driver()[pri:0, instance:com.qa.tests.LoginSuite@b16e202]" started-at="2024-04-25T10:16:19Z" name="initialize_driver" finished-at="2024-04-25T10:16:30Z" duration-ms="10916" status="PASS">
          <reporter-output>
          </reporter-output>
        </test-method> <!-- initialize_driver -->
        <test-method signature="TC_LF_001_VerifyUserLoginIntoApplicationWithValidCredentials()[pri:1, instance:com.qa.tests.LoginSuite@b16e202]" started-at="2024-04-25T10:16:31Z" name="TC_LF_001_VerifyUserLoginIntoApplicationWithValidCredentials" description="TC_LF_001:Verify that user is able to login successfully in the ParaBank application after providing the valid username and password" finished-at="2024-04-25T10:16:38Z" duration-ms="6804" status="PASS">
          <reporter-output>
          </reporter-output>
        </test-method> <!-- TC_LF_001_VerifyUserLoginIntoApplicationWithValidCredentials -->
        <test-method is-config="true" signature="tearDown()[pri:0, instance:com.qa.tests.LoginSuite@b16e202]" started-at="2024-04-25T10:16:39Z" name="tearDown" finished-at="2024-04-25T10:16:39Z" duration-ms="535" status="PASS">
          <reporter-output>
          </reporter-output>
        </test-method> <!-- tearDown -->
      </class> <!-- com.qa.tests.LoginSuite -->
    </test> <!-- Login Functionality Validation -->
    <test started-at="2024-04-25T10:16:19Z" name="Register Functionality Validation" finished-at="2024-04-25T10:16:44Z" duration-ms="24957">
      <class name="com.qa.tests.UserSignUpSuite">
        <test-method is-config="true" signature="initialize_driver()[pri:0, instance:com.qa.tests.UserSignUpSuite@28cb3a25]" started-at="2024-04-25T10:16:19Z" name="initialize_driver" finished-at="2024-04-25T10:16:30Z" duration-ms="10888" status="PASS">
          <reporter-output>
          </reporter-output>
        </test-method> <!-- initialize_driver -->
        <test-method signature="TC_RF_001_VerifyWhetherTheUserABleToRegisterInParaBankApplicationWithValidTestData()[pri:1, instance:com.qa.tests.UserSignUpSuite@28cb3a25]" started-at="2024-04-25T10:16:31Z" name="TC_RF_001_VerifyWhetherTheUserABleToRegisterInParaBankApplicationWithValidTestData" description="TC_RF_001 :Verify that user is able to Register successfully in the ParaBank application after providing the valid Register Test Data" finished-at="2024-04-25T10:16:41Z" duration-ms="10261" status="FAIL">
          <exception class="java.lang.AssertionError">
            <message>
              <![CDATA[User is not able to complete SignUp Process]]>
            </message>
            <full-stacktrace>
              <![CDATA[java.lang.AssertionError: User is not able to complete SignUp Process
at org.testng.Assert.fail(Assert.java:96)
at com.qa.pageObjects.SignUpPage.verifyUserSuccessfullyCompletedSignUpProcess(SignUpPage.java:172)
at com.qa.tests.UserSignUpSuite.TC_RF_001_VerifyWhetherTheUserABleToRegisterInParaBankApplicationWithValidTestData(UserSignUpSuite.java:51)
at java.base/jdk.internal.reflect.NativeMethodAccessorImpl.invoke0(Native Method)
at java.base/jdk.internal.reflect.NativeMethodAccessorImpl.invoke(NativeMethodAccessorImpl.java:62)
at java.base/jdk.internal.reflect.DelegatingMethodAccessorImpl.invoke(DelegatingMethodAccessorImpl.java:43)
at java.base/java.lang.reflect.Method.invoke(Method.java:566)
at org.testng.internal.MethodInvocationHelper.invokeMethod(MethodInvocationHelper.java:124)
at org.testng.internal.Invoker.invokeMethod(Invoker.java:583)
at org.testng.internal.Invoker.invokeTestMethod(Invoker.java:719)
at org.testng.internal.Invoker.invokeTestMethods(Invoker.java:989)
at org.testng.internal.TestMethodWorker.invokeTestMethods(TestMethodWorker.java:125)
at org.testng.internal.TestMethodWorker.run(TestMethodWorker.java:109)
at org.testng.TestRunner.privateRun(TestRunner.java:648)
at org.testng.TestRunner.run(TestRunner.java:505)
at org.testng.SuiteRunner.runTest(SuiteRunner.java:455)
at org.testng.SuiteRunner.access$000(SuiteRunner.java:40)
at org.testng.SuiteRunner$SuiteWorker.run(SuiteRunner.java:489)
at org.testng.internal.thread.ThreadUtil$1.call(ThreadUtil.java:52)
at java.base/java.util.concurrent.FutureTask.run(FutureTask.java:264)
at java.base/java.util.concurrent.ThreadPoolExecutor.runWorker(ThreadPoolExecutor.java:1128)
at java.base/java.util.concurrent.ThreadPoolExecutor$Worker.run(ThreadPoolExecutor.java:628)
at java.base/java.lang.Thread.run(Thread.java:834)
]]>
            </full-stacktrace>
          </exception> <!-- java.lang.AssertionError -->
          <reporter-output>
          </reporter-output>
        </test-method> <!-- TC_RF_001_VerifyWhetherTheUserABleToRegisterInParaBankApplicationWithValidTestData -->
        <test-method is-config="true" signature="tearDown()[pri:0, instance:com.qa.tests.UserSignUpSuite@28cb3a25]" started-at="2024-04-25T10:16:42Z" name="tearDown" finished-at="2024-04-25T10:16:44Z" duration-ms="2041" status="PASS">
          <reporter-output>
          </reporter-output>
        </test-method> <!-- tearDown -->
      </class> <!-- com.qa.tests.UserSignUpSuite -->
    </test> <!-- Register Functionality Validation -->
    <test started-at="2024-04-25T10:16:19Z" name="Transfer Fund Functionality Validation" finished-at="2024-04-25T10:16:50Z" duration-ms="30921">
      <class name="com.qa.tests.TransferFundsSuite">
        <test-method is-config="true" signature="initialize_driver()[pri:0, instance:com.qa.tests.TransferFundsSuite@5ec4ff02]" started-at="2024-04-25T10:16:19Z" name="initialize_driver" finished-at="2024-04-25T10:16:31Z" duration-ms="11795" status="PASS">
          <reporter-output>
          </reporter-output>
        </test-method> <!-- initialize_driver -->
        <test-method signature="TC_TF_001_VerifyWhetherUserIsLandOnTransferFundPage()[pri:1, instance:com.qa.tests.TransferFundsSuite@5ec4ff02]" started-at="2024-04-25T10:16:31Z" name="TC_TF_001_VerifyWhetherUserIsLandOnTransferFundPage" description="TC_TF_001:Verify whether the user land on Transfer Funds page" finished-at="2024-04-25T10:16:38Z" duration-ms="7252" status="PASS">
          <reporter-output>
          </reporter-output>
        </test-method> <!-- TC_TF_001_VerifyWhetherUserIsLandOnTransferFundPage -->
        <test-method is-config="true" signature="tearDown()[pri:0, instance:com.qa.tests.TransferFundsSuite@5ec4ff02]" started-at="2024-04-25T10:16:39Z" name="tearDown" finished-at="2024-04-25T10:16:39Z" duration-ms="526" status="PASS">
          <reporter-output>
          </reporter-output>
        </test-method> <!-- tearDown -->
        <test-method is-config="true" signature="initialize_driver()[pri:0, instance:com.qa.tests.TransferFundsSuite@5ec4ff02]" started-at="2024-04-25T10:16:39Z" name="initialize_driver" finished-at="2024-04-25T10:16:42Z" duration-ms="2417" status="PASS">
          <reporter-output>
          </reporter-output>
        </test-method> <!-- initialize_driver -->
        <test-method signature="TC_TF_002_VerifyWhetherTheUserAbleToTransferFund()[pri:2, instance:com.qa.tests.TransferFundsSuite@5ec4ff02]" started-at="2024-04-25T10:16:42Z" name="TC_TF_002_VerifyWhetherTheUserAbleToTransferFund" description="TC_TF_002:Verify that user able to transfer the funds from one account to another account " finished-at="2024-04-25T10:16:49Z" duration-ms="7646" status="PASS">
          <reporter-output>
          </reporter-output>
        </test-method> <!-- TC_TF_002_VerifyWhetherTheUserAbleToTransferFund -->
        <test-method is-config="true" signature="tearDown()[pri:0, instance:com.qa.tests.TransferFundsSuite@5ec4ff02]" started-at="2024-04-25T10:16:50Z" name="tearDown" finished-at="2024-04-25T10:16:50Z" duration-ms="253" status="PASS">
          <reporter-output>
          </reporter-output>
        </test-method> <!-- tearDown -->
      </class> <!-- com.qa.tests.TransferFundsSuite -->
    </test> <!-- Transfer Fund Functionality Validation -->
    <test started-at="2024-04-25T10:16:19Z" name="Account Overview Functionality Validation" finished-at="2024-04-25T10:16:52Z" duration-ms="33235">
      <class name="com.qa.tests.AccountOverviewSuite">
        <test-method is-config="true" signature="initialize_driver()[pri:0, instance:com.qa.tests.AccountOverviewSuite@f91da5e]" started-at="2024-04-25T10:16:19Z" name="initialize_driver" finished-at="2024-04-25T10:16:31Z" duration-ms="12059" status="PASS">
          <reporter-output>
          </reporter-output>
        </test-method> <!-- initialize_driver -->
        <test-method signature="TC_AOF_001_VerifyWhetherAccountOverviewPageDisplayedOrNot()[pri:1, instance:com.qa.tests.AccountOverviewSuite@f91da5e]" started-at="2024-04-25T10:16:31Z" name="TC_AOF_001_VerifyWhetherAccountOverviewPageDisplayedOrNot" description="TC_AOF_001:Verify that Account Overview page is displayed" finished-at="2024-04-25T10:16:38Z" duration-ms="7145" status="PASS">
          <reporter-output>
          </reporter-output>
        </test-method> <!-- TC_AOF_001_VerifyWhetherAccountOverviewPageDisplayedOrNot -->
        <test-method is-config="true" signature="tearDown()[pri:0, instance:com.qa.tests.AccountOverviewSuite@f91da5e]" started-at="2024-04-25T10:16:39Z" name="tearDown" finished-at="2024-04-25T10:16:40Z" duration-ms="601" status="PASS">
          <reporter-output>
          </reporter-output>
        </test-method> <!-- tearDown -->
        <test-method is-config="true" signature="initialize_driver()[pri:0, instance:com.qa.tests.AccountOverviewSuite@f91da5e]" started-at="2024-04-25T10:16:40Z" name="initialize_driver" finished-at="2024-04-25T10:16:43Z" duration-ms="3496" status="PASS">
          <reporter-output>
          </reporter-output>
        </test-method> <!-- initialize_driver -->
        <test-method signature="TC_AOF_002_VerifyUserLandOnAccountDetailsPageAfterClickOnAccountNumberFromAccountOverviewPage()[pri:2, instance:com.qa.tests.AccountOverviewSuite@f91da5e]" started-at="2024-04-25T10:16:43Z" name="TC_AOF_002_VerifyUserLandOnAccountDetailsPageAfterClickOnAccountNumberFromAccountOverviewPage" description="TC_AOF_002:Verify  after click on Account Number in Account Overview page, whether the user land Account details page  and same Account number is displayed in Account Details page" finished-at="2024-04-25T10:16:52Z" duration-ms="8471" status="PASS">
          <reporter-output>
          </reporter-output>
        </test-method> <!-- TC_AOF_002_VerifyUserLandOnAccountDetailsPageAfterClickOnAccountNumberFromAccountOverviewPage -->
        <test-method is-config="true" signature="tearDown()[pri:0, instance:com.qa.tests.AccountOverviewSuite@f91da5e]" started-at="2024-04-25T10:16:52Z" name="tearDown" finished-at="2024-04-25T10:16:52Z" duration-ms="169" status="PASS">
          <reporter-output>
          </reporter-output>
        </test-method> <!-- tearDown -->
      </class> <!-- com.qa.tests.AccountOverviewSuite -->
    </test> <!-- Account Overview Functionality Validation -->
    <test started-at="2024-04-25T10:16:19Z" name="Open New Account Functionality Validation" finished-at="2024-04-25T10:17:13Z" duration-ms="53524">
      <class name="com.qa.tests.OpenNewAccountSuite">
        <test-method is-config="true" signature="initialize_driver()[pri:0, instance:com.qa.tests.OpenNewAccountSuite@7903d448]" started-at="2024-04-25T10:16:19Z" name="initialize_driver" finished-at="2024-04-25T10:16:31Z" duration-ms="11782" status="PASS">
          <reporter-output>
          </reporter-output>
        </test-method> <!-- initialize_driver -->
        <test-method signature="TC_ONA_001_VerifyWhetherCheckingOptionPresentInAccountTypeDropdown()[pri:1, instance:com.qa.tests.OpenNewAccountSuite@7903d448]" started-at="2024-04-25T10:16:31Z" name="TC_ONA_001_VerifyWhetherCheckingOptionPresentInAccountTypeDropdown" description="TC_ONA_001:Verify that whether the What type of Account would you like to open? Field contains CHECKING option " finished-at="2024-04-25T10:16:40Z" duration-ms="8971" status="PASS">
          <reporter-output>
          </reporter-output>
        </test-method> <!-- TC_ONA_001_VerifyWhetherCheckingOptionPresentInAccountTypeDropdown -->
        <test-method is-config="true" signature="tearDown()[pri:0, instance:com.qa.tests.OpenNewAccountSuite@7903d448]" started-at="2024-04-25T10:16:40Z" name="tearDown" finished-at="2024-04-25T10:16:43Z" duration-ms="2038" status="PASS">
          <reporter-output>
          </reporter-output>
        </test-method> <!-- tearDown -->
        <test-method is-config="true" signature="initialize_driver()[pri:0, instance:com.qa.tests.OpenNewAccountSuite@7903d448]" started-at="2024-04-25T10:16:43Z" name="initialize_driver" finished-at="2024-04-25T10:16:46Z" duration-ms="3542" status="PASS">
          <reporter-output>
          </reporter-output>
        </test-method> <!-- initialize_driver -->
        <test-method signature="TC_ONA_002_VerifyWhetherSavingOptionPresentInAccountTypeDropdown()[pri:2, instance:com.qa.tests.OpenNewAccountSuite@7903d448]" started-at="2024-04-25T10:16:46Z" name="TC_ONA_002_VerifyWhetherSavingOptionPresentInAccountTypeDropdown" description="TC_ONA_002:Verify that whether the What type of Account would you like to open? Field contains SAVING option " finished-at="2024-04-25T10:16:49Z" duration-ms="2662" status="PASS">
          <reporter-output>
          </reporter-output>
        </test-method> <!-- TC_ONA_002_VerifyWhetherSavingOptionPresentInAccountTypeDropdown -->
        <test-method is-config="true" signature="tearDown()[pri:0, instance:com.qa.tests.OpenNewAccountSuite@7903d448]" started-at="2024-04-25T10:16:49Z" name="tearDown" finished-at="2024-04-25T10:16:49Z" duration-ms="164" status="PASS">
          <reporter-output>
          </reporter-output>
        </test-method> <!-- tearDown -->
        <test-method is-config="true" signature="initialize_driver()[pri:0, instance:com.qa.tests.OpenNewAccountSuite@7903d448]" started-at="2024-04-25T10:16:49Z" name="initialize_driver" finished-at="2024-04-25T10:16:55Z" duration-ms="6077" status="PASS">
          <reporter-output>
          </reporter-output>
        </test-method> <!-- initialize_driver -->
        <test-method signature="TC_ONA_003_VerifyWhetherTheUserAbleToCreateNewAccountWithCheckingAccountType()[pri:3, instance:com.qa.tests.OpenNewAccountSuite@7903d448]" started-at="2024-04-25T10:16:55Z" name="TC_ONA_003_VerifyWhetherTheUserAbleToCreateNewAccountWithCheckingAccountType" description="TC_ONA_003:Verify whether the user able to create new account with CHECKING as a account type" finished-at="2024-04-25T10:17:01Z" duration-ms="5332" status="PASS">
          <reporter-output>
          </reporter-output>
        </test-method> <!-- TC_ONA_003_VerifyWhetherTheUserAbleToCreateNewAccountWithCheckingAccountType -->
        <test-method is-config="true" signature="tearDown()[pri:0, instance:com.qa.tests.OpenNewAccountSuite@7903d448]" started-at="2024-04-25T10:17:01Z" name="tearDown" finished-at="2024-04-25T10:17:01Z" duration-ms="174" status="PASS">
          <reporter-output>
          </reporter-output>
        </test-method> <!-- tearDown -->
        <test-method is-config="true" signature="initialize_driver()[pri:0, instance:com.qa.tests.OpenNewAccountSuite@7903d448]" started-at="2024-04-25T10:17:01Z" name="initialize_driver" finished-at="2024-04-25T10:17:07Z" duration-ms="5648" status="PASS">
          <reporter-output>
          </reporter-output>
        </test-method> <!-- initialize_driver -->
        <test-method signature="TC_ONA_004_VerifyWhetherTheUserAbleToCreateNewAccountWithSavingAccountType()[pri:4, instance:com.qa.tests.OpenNewAccountSuite@7903d448]" started-at="2024-04-25T10:17:07Z" name="TC_ONA_004_VerifyWhetherTheUserAbleToCreateNewAccountWithSavingAccountType" description="TC_ONA_004:Verify whether the user able to create new account with SAVING as a account type" finished-at="2024-04-25T10:17:12Z" duration-ms="5236" status="PASS">
          <reporter-output>
          </reporter-output>
        </test-method> <!-- TC_ONA_004_VerifyWhetherTheUserAbleToCreateNewAccountWithSavingAccountType -->
        <test-method is-config="true" signature="tearDown()[pri:0, instance:com.qa.tests.OpenNewAccountSuite@7903d448]" started-at="2024-04-25T10:17:13Z" name="tearDown" finished-at="2024-04-25T10:17:13Z" duration-ms="203" status="PASS">
          <reporter-output>
          </reporter-output>
        </test-method> <!-- tearDown -->
      </class> <!-- com.qa.tests.OpenNewAccountSuite -->
    </test> <!-- Open New Account Functionality Validation -->
  </suite> <!-- Para Bank Web Application  -->
</testng-results>
