<?xml version="1.0" encoding="UTF-8"?>
<testsuite xmlns:xsi="http://www.w3.org/2001/XMLSchema-instance" xsi:noNamespaceSchemaLocation="https://maven.apache.org/surefire/maven-surefire-plugin/xsd/surefire-test-report.xsd" name="TestSuite" time="57.94" tests="10" errors="0" skipped="0" failures="1">
  <properties>
    <property name="sun.desktop" value="windows"/>
    <property name="awt.toolkit" value="sun.awt.windows.WToolkit"/>
    <property name="java.specification.version" value="11"/>
    <property name="sun.cpu.isalist" value="amd64"/>
    <property name="sun.jnu.encoding" value="Cp1252"/>
    <property name="java.class.path" value="C:\apache-maven-3.8.7\boot\plexus-classworlds-2.6.0.jar"/>
    <property name="java.vm.vendor" value="Oracle Corporation"/>
    <property name="sun.arch.data.model" value="64"/>
    <property name="user.variant" value=""/>
    <property name="java.vendor.url" value="https://openjdk.java.net/"/>
    <property name="user.timezone" value="Asia/Calcutta"/>
    <property name="maven.conf" value="C:\apache-maven-3.8.7/conf"/>
    <property name="os.name" value="Windows 11"/>
    <property name="java.vm.specification.version" value="11"/>
    <property name="sun.java.launcher" value="SUN_STANDARD"/>
    <property name="user.country" value="US"/>
    <property name="sun.boot.library.path" value="C:\Program Files\Java\jdk-11\bin"/>
    <property name="sun.java.command" value="org.codehaus.plexus.classworlds.launcher.Launcher test -PRegression"/>
    <property name="jdk.debug" value="release"/>
    <property name="maven.home" value="C:\apache-maven-3.8.7"/>
    <property name="sun.cpu.endian" value="little"/>
    <property name="user.home" value="C:\Users\sagar"/>
    <property name="user.language" value="en"/>
    <property name="sun.stderr.encoding" value="cp437"/>
    <property name="java.specification.vendor" value="Oracle Corporation"/>
    <property name="java.version.date" value="2023-04-18"/>
    <property name="java.home" value="C:\Program Files\Java\jdk-11"/>
    <property name="file.separator" value="\"/>
    <property name="java.vm.compressedOopsMode" value="32-bit"/>
    <property name="line.separator" value="&#10;"/>
    <property name="sun.stdout.encoding" value="cp437"/>
    <property name="java.specification.name" value="Java Platform API Specification"/>
    <property name="java.vm.specification.vendor" value="Oracle Corporation"/>
    <property name="java.awt.graphicsenv" value="sun.awt.Win32GraphicsEnvironment"/>
    <property name="user.script" value=""/>
    <property name="sun.management.compiler" value="HotSpot 64-Bit Tiered Compilers"/>
    <property name="java.runtime.version" value="11.0.19+9-LTS-224"/>
    <property name="user.name" value="sagar"/>
    <property name="path.separator" value=";"/>
    <property name="os.version" value="10.0"/>
    <property name="java.runtime.name" value="Java(TM) SE Runtime Environment"/>
    <property name="file.encoding" value="Cp1252"/>
    <property name="guice.disable.misplaced.annotation.check" value="true"/>
    <property name="java.vm.name" value="Java HotSpot(TM) 64-Bit Server VM"/>
    <property name="java.vendor.version" value="18.9"/>
    <property name="java.vendor.url.bug" value="https://bugreport.java.com/bugreport/"/>
    <property name="java.io.tmpdir" value="C:\Users\sagar\AppData\Local\Temp\"/>
    <property name="java.version" value="11.0.19"/>
    <property name="user.dir" value="F:\Believe_IT_Project\POC\ParaBank_SeleniumFramework"/>
    <property name="os.arch" value="amd64"/>
    <property name="maven.multiModuleProjectDirectory" value="F:\Believe_IT_Project\POC\ParaBank_SeleniumFramework"/>
    <property name="java.vm.specification.name" value="Java Virtual Machine Specification"/>
    <property name="java.awt.printerjob" value="sun.awt.windows.WPrinterJob"/>
    <property name="sun.os.patch.level" value=""/>
    <property name="java.library.path" value="C:\Program Files\Java\jdk-11\bin;C:\WINDOWS\Sun\Java\bin;C:\WINDOWS\system32;C:\WINDOWS;C:\Program Files\Common Files\Oracle\Java\javapath;C:\Program Files\Python38\Scripts\;C:\Program Files\Python38\;C:\Program Files (x86)\Common Files\Oracle\Java\javapath;C:\WINDOWS\system32;C:\WINDOWS;C:\WINDOWS\System32\Wbem;C:\WINDOWS\System32\WindowsPowerShell\v1.0\;C:\WINDOWS\System32\OpenSSH\;C:\Program Files\Microsoft SQL Server\150\Tools\Binn\;C:\MinGW\bin;C:\apache-maven-3.8.7\\bin;C:\Program Files\nodejs\node_modules\;C:\Program Files\Android\Android Studio\bin;C:\apache-maven-3.8.7\\bin;C:\Program Files\Java\jdk-11\bin;C:\Users\sagar\AppData\Local\Android\Sdk\platform-tools;C:\Users\sagar\AppData\Local\Android\Sdk\tools;C:\Users\sagar\AppData\Local\Android\Sdk\build-tools;C:\Users\sagar\AppData\Local\Android\Sdk\tools\bin;C:\allure-2.13.0\bin;C:\Program Files\dotnet\;C:\Program Files (x86)\dotnet\;C:\Program Files\PuTTY\;C:\Gatling\gatling-charts-highcharts-bundle-3.9.5\bin;C:\Program Files\nodejs;C:\Program Files\nodejs\;C:\Program Files\Git\cmd;C:\Program Files\MySQL\MySQL Server 8.0\bin;C:\strawberry\c\bin;C:\strawberry\perl\bin;C:\Program Files\MySQL\MySQL Shell 8.0\bin\;C:\Users\sagar\AppData\Local\Microsoft\WindowsApps;C:\Program Files\JetBrains\IntelliJ IDEA Community Edition 2023.1.3\bin;C:\Users\sagar\AppData\Roaming\npm;C:\Users\sagar\AppData\Local\Programs\Microsoft VS Code\bin;."/>
    <property name="java.vendor" value="Oracle Corporation"/>
    <property name="java.vm.info" value="mixed mode"/>
    <property name="java.vm.version" value="11.0.19+9-LTS-224"/>
    <property name="classworlds.conf" value="C:\apache-maven-3.8.7\bin\m2.conf"/>
    <property name="sun.io.unicode.encoding" value="UnicodeLittle"/>
    <property name="library.jansi.path" value="C:\apache-maven-3.8.7\lib\jansi-native"/>
    <property name="java.class.version" value="55.0"/>
  </properties>
  <testcase name="TC_LF_001_VerifyUserLoginIntoApplicationWithValidCredentials" classname="com.qa.tests.LoginSuite" time="7.329"/>
  <testcase name="TC_TF_001_VerifyWhetherUserIsLandOnTransferFundPage" classname="com.qa.tests.TransferFundsSuite" time="7.443"/>
  <testcase name="TC_AOF_001_VerifyWhetherAccountOverviewPageDisplayedOrNot" classname="com.qa.tests.AccountOverviewSuite" time="7.839"/>
  <testcase name="TC_ONA_001_VerifyWhetherCheckingOptionPresentInAccountTypeDropdown" classname="com.qa.tests.OpenNewAccountSuite" time="9.165"/>
  <testcase name="TC_RF_001_VerifyWhetherTheUserABleToRegisterInParaBankApplicationWithValidTestData" classname="com.qa.tests.UserSignUpSuite" time="0.359">
    <failure message="User is not able to complete SignUp Process" type="java.lang.AssertionError">java.lang.AssertionError: User is not able to complete SignUp Process
	at com.qa.tests.UserSignUpSuite.TC_RF_001_VerifyWhetherTheUserABleToRegisterInParaBankApplicationWithValidTestData(UserSignUpSuite.java:51)
</failure>
    <system-out><![CDATA[I am in onTestFailure method TC_RF_001_VerifyWhetherTheUserABleToRegisterInParaBankApplicationWithValidTestData failed
Screenshot captured for test case:TC_RF_001_VerifyWhetherTheUserABleToRegisterInParaBankApplicationWithValidTestData
I am in on Test Start method TC_TF_002_VerifyWhetherTheUserAbleToTransferFund start
]]></system-out>
    <system-err><![CDATA[Apr 25, 2024 3:46:41 PM org.openqa.selenium.devtools.CdpVersionFinder findNearestMatch
WARNING: Unable to find an exact match for CDP version 124, returning the closest version; found: 123; Please update to a Selenium version that supports CDP version 124
Apr 25, 2024 3:46:42 PM org.openqa.selenium.devtools.CdpVersionFinder findNearestMatch
WARNING: Unable to find an exact match for CDP version 124, returning the closest version; found: 123; Please update to a Selenium version that supports CDP version 124
]]></system-err>
  </testcase>
  <testcase name="TC_ONA_002_VerifyWhetherSavingOptionPresentInAccountTypeDropdown" classname="com.qa.tests.OpenNewAccountSuite" time="2.889"/>
  <testcase name="TC_TF_002_VerifyWhetherTheUserAbleToTransferFund" classname="com.qa.tests.TransferFundsSuite" time="3.603"/>
  <testcase name="TC_AOF_002_VerifyUserLandOnAccountDetailsPageAfterClickOnAccountNumberFromAccountOverviewPage" classname="com.qa.tests.AccountOverviewSuite" time="6.002"/>
  <testcase name="TC_ONA_003_VerifyWhetherTheUserAbleToCreateNewAccountWithCheckingAccountType" classname="com.qa.tests.OpenNewAccountSuite" time="5.637"/>
  <testcase name="TC_ONA_004_VerifyWhetherTheUserAbleToCreateNewAccountWithSavingAccountType" classname="com.qa.tests.OpenNewAccountSuite" time="5.558"/>
</testsuite>