<?xml version="1.0" encoding="UTF-8"?>
<testng-results ignored="0" total="12" passed="11" failed="1" skipped="0">
  <reporter-output>
  </reporter-output>
  <suite started-at="2024-04-26T11:58:02Z" name="Para Bank Web Application " finished-at="2024-04-26T11:59:58Z" duration-ms="115780">
    <groups>
      <group name="SignUp">
        <method signature="UserSignUpSuite.TC_RF_001_VerifyWhetherTheUserABleToRegisterInParaBankApplicationWithValidTestData()[pri:1, instance:com.qa.tests.UserSignUpSuite@75f5fd58]" name="TC_RF_001_VerifyWhetherTheUserABleToRegisterInParaBankApplicationWithValidTestData" class="com.qa.tests.UserSignUpSuite"/>
      </group> <!-- SignUp -->
      <group name="Regression">
        <method signature="UserSignUpSuite.TC_RF_001_VerifyWhetherTheUserABleToRegisterInParaBankApplicationWithValidTestData()[pri:1, instance:com.qa.tests.UserSignUpSuite@75f5fd58]" name="TC_RF_001_VerifyWhetherTheUserABleToRegisterInParaBankApplicationWithValidTestData" class="com.qa.tests.UserSignUpSuite"/>
        <method signature="LoginSuite.TC_LF_001_VerifyUserLoginIntoApplicationWithValidCredentials()[pri:1, instance:com.qa.tests.LoginSuite@160ac7fb]" name="TC_LF_001_VerifyUserLoginIntoApplicationWithValidCredentials" class="com.qa.tests.LoginSuite"/>
        <method signature="AccountOverviewSuite.TC_AOF_001_VerifyWhetherAccountOverviewPageDisplayedOrNot()[pri:1, instance:com.qa.tests.AccountOverviewSuite@2ece4966]" name="TC_AOF_001_VerifyWhetherAccountOverviewPageDisplayedOrNot" class="com.qa.tests.AccountOverviewSuite"/>
        <method signature="AccountOverviewSuite.TC_AOF_002_VerifyUserLandOnAccountDetailsPageAfterClickOnAccountNumberFromAccountOverviewPage()[pri:2, instance:com.qa.tests.AccountOverviewSuite@2ece4966]" name="TC_AOF_002_VerifyUserLandOnAccountDetailsPageAfterClickOnAccountNumberFromAccountOverviewPage" class="com.qa.tests.AccountOverviewSuite"/>
        <method signature="OpenNewAccountSuite.TC_ONA_001_VerifyWhetherCheckingOptionPresentInAccountTypeDropdown()[pri:1, instance:com.qa.tests.OpenNewAccountSuite@630cb4a4]" name="TC_ONA_001_VerifyWhetherCheckingOptionPresentInAccountTypeDropdown" class="com.qa.tests.OpenNewAccountSuite"/>
        <method signature="OpenNewAccountSuite.TC_ONA_002_VerifyWhetherSavingOptionPresentInAccountTypeDropdown()[pri:2, instance:com.qa.tests.OpenNewAccountSuite@630cb4a4]" name="TC_ONA_002_VerifyWhetherSavingOptionPresentInAccountTypeDropdown" class="com.qa.tests.OpenNewAccountSuite"/>
        <method signature="OpenNewAccountSuite.TC_ONA_003_VerifyWhetherTheUserAbleToCreateNewAccountWithCheckingAccountType()[pri:3, instance:com.qa.tests.OpenNewAccountSuite@630cb4a4]" name="TC_ONA_003_VerifyWhetherTheUserAbleToCreateNewAccountWithCheckingAccountType" class="com.qa.tests.OpenNewAccountSuite"/>
        <method signature="OpenNewAccountSuite.TC_ONA_004_VerifyWhetherTheUserAbleToCreateNewAccountWithSavingAccountType()[pri:4, instance:com.qa.tests.OpenNewAccountSuite@630cb4a4]" name="TC_ONA_004_VerifyWhetherTheUserAbleToCreateNewAccountWithSavingAccountType" class="com.qa.tests.OpenNewAccountSuite"/>
        <method signature="TransferFundsSuite.TC_TF_001_VerifyWhetherUserIsLandOnTransferFundPage()[pri:1, instance:com.qa.tests.TransferFundsSuite@5b7ea70d]" name="TC_TF_001_VerifyWhetherUserIsLandOnTransferFundPage" class="com.qa.tests.TransferFundsSuite"/>
        <method signature="TransferFundsSuite.TC_TF_002_VerifyWhetherTheUserAbleToTransferFund()[pri:2, instance:com.qa.tests.TransferFundsSuite@5b7ea70d]" name="TC_TF_002_VerifyWhetherTheUserAbleToTransferFund" class="com.qa.tests.TransferFundsSuite"/>
        <method signature="BillPaymentSuite.TC_BP_001_validateWhetherTheUserAbleBillPayment()[pri:1, instance:com.qa.tests.BillPaymentSuite@f0e995e]" name="TC_BP_001_validateWhetherTheUserAbleBillPayment" class="com.qa.tests.BillPaymentSuite"/>
        <method signature="UpdateContactInfoSuite.TC_UCI_001_validateWhetherTheUserAbleToUpdateContactInfo()[pri:1, instance:com.qa.tests.UpdateContactInfoSuite@7a8fa663]" name="TC_UCI_001_validateWhetherTheUserAbleToUpdateContactInfo" class="com.qa.tests.UpdateContactInfoSuite"/>
      </group> <!-- Regression -->
      <group name="Login">
        <method signature="LoginSuite.TC_LF_001_VerifyUserLoginIntoApplicationWithValidCredentials()[pri:1, instance:com.qa.tests.LoginSuite@160ac7fb]" name="TC_LF_001_VerifyUserLoginIntoApplicationWithValidCredentials" class="com.qa.tests.LoginSuite"/>
      </group> <!-- Login -->
      <group name="Smoke">
        <method signature="BillPaymentSuite.TC_BP_001_validateWhetherTheUserAbleBillPayment()[pri:1, instance:com.qa.tests.BillPaymentSuite@f0e995e]" name="TC_BP_001_validateWhetherTheUserAbleBillPayment" class="com.qa.tests.BillPaymentSuite"/>
        <method signature="UpdateContactInfoSuite.TC_UCI_001_validateWhetherTheUserAbleToUpdateContactInfo()[pri:1, instance:com.qa.tests.UpdateContactInfoSuite@7a8fa663]" name="TC_UCI_001_validateWhetherTheUserAbleToUpdateContactInfo" class="com.qa.tests.UpdateContactInfoSuite"/>
      </group> <!-- Smoke -->
    </groups>
    <test started-at="2024-04-26T11:58:02Z" name="Register Functionality Validation" finished-at="2024-04-26T11:58:13Z" duration-ms="10884">
      <class name="com.qa.tests.UserSignUpSuite">
        <test-method is-config="true" signature="initialize_driver()[pri:0, instance:com.qa.tests.UserSignUpSuite@75f5fd58]" started-at="2024-04-26T11:58:02Z" name="initialize_driver" finished-at="2024-04-26T11:58:08Z" duration-ms="6064" status="PASS">
          <reporter-output>
          </reporter-output>
        </test-method> <!-- initialize_driver -->
        <test-method signature="TC_RF_001_VerifyWhetherTheUserABleToRegisterInParaBankApplicationWithValidTestData()[pri:1, instance:com.qa.tests.UserSignUpSuite@75f5fd58]" started-at="2024-04-26T11:58:08Z" name="TC_RF_001_VerifyWhetherTheUserABleToRegisterInParaBankApplicationWithValidTestData" description="TC_RF_001 :Verify that user is able to Register successfully in the ParaBank application after providing the valid Register Test Data" finished-at="2024-04-26T11:58:12Z" duration-ms="4329" status="FAIL">
          <exception class="java.lang.AssertionError">
            <message>
              <![CDATA[User is not able to complete SignUp Process]]>
            </message>
            <full-stacktrace>
              <![CDATA[java.lang.AssertionError: User is not able to complete SignUp Process
at org.testng.Assert.fail(Assert.java:96)
at com.qa.pageObjects.SignUpPage.verifyUserSuccessfullyCompletedSignUpProcess(SignUpPage.java:172)
at com.qa.tests.UserSignUpSuite.TC_RF_001_VerifyWhetherTheUserABleToRegisterInParaBankApplicationWithValidTestData(UserSignUpSuite.java:52)
at java.base/jdk.internal.reflect.NativeMethodAccessorImpl.invoke0(Native Method)
at java.base/jdk.internal.reflect.NativeMethodAccessorImpl.invoke(NativeMethodAccessorImpl.java:77)
at java.base/jdk.internal.reflect.DelegatingMethodAccessorImpl.invoke(DelegatingMethodAccessorImpl.java:43)
at java.base/java.lang.reflect.Method.invoke(Method.java:568)
at org.testng.internal.MethodInvocationHelper.invokeMethod(MethodInvocationHelper.java:124)
at org.testng.internal.Invoker.invokeMethod(Invoker.java:583)
at org.testng.internal.Invoker.invokeTestMethod(Invoker.java:719)
at org.testng.internal.Invoker.invokeTestMethods(Invoker.java:989)
at org.testng.internal.TestMethodWorker.invokeTestMethods(TestMethodWorker.java:125)
at org.testng.internal.TestMethodWorker.run(TestMethodWorker.java:109)
at org.testng.TestRunner.privateRun(TestRunner.java:648)
at org.testng.TestRunner.run(TestRunner.java:505)
at org.testng.SuiteRunner.runTest(SuiteRunner.java:455)
at org.testng.SuiteRunner.runSequentially(SuiteRunner.java:450)
at org.testng.SuiteRunner.privateRun(SuiteRunner.java:415)
at org.testng.SuiteRunner.run(SuiteRunner.java:364)
at org.testng.SuiteRunnerWorker.runSuite(SuiteRunnerWorker.java:52)
at org.testng.SuiteRunnerWorker.run(SuiteRunnerWorker.java:84)
at org.testng.TestNG.runSuitesSequentially(TestNG.java:1208)
at org.testng.TestNG.runSuitesLocally(TestNG.java:1137)
at org.testng.TestNG.runSuites(TestNG.java:1049)
at org.testng.TestNG.run(TestNG.java:1017)
at org.testng.remote.AbstractRemoteTestNG.run(AbstractRemoteTestNG.java:115)
at org.testng.remote.RemoteTestNG.initAndRun(RemoteTestNG.java:251)
at org.testng.remote.RemoteTestNG.main(RemoteTestNG.java:77)
]]>
            </full-stacktrace>
          </exception> <!-- java.lang.AssertionError -->
          <reporter-output>
          </reporter-output>
        </test-method> <!-- TC_RF_001_VerifyWhetherTheUserABleToRegisterInParaBankApplicationWithValidTestData -->
        <test-method is-config="true" signature="tearDown()[pri:0, instance:com.qa.tests.UserSignUpSuite@75f5fd58]" started-at="2024-04-26T11:58:13Z" name="tearDown" finished-at="2024-04-26T11:58:13Z" duration-ms="184" status="PASS">
          <reporter-output>
          </reporter-output>
        </test-method> <!-- tearDown -->
      </class> <!-- com.qa.tests.UserSignUpSuite -->
    </test> <!-- Register Functionality Validation -->
    <test started-at="2024-04-26T11:58:13Z" name="Login Functionality Validation" finished-at="2024-04-26T11:58:21Z" duration-ms="7923">
      <class name="com.qa.tests.LoginSuite">
        <test-method is-config="true" signature="initialize_driver()[pri:0, instance:com.qa.tests.LoginSuite@160ac7fb]" started-at="2024-04-26T11:58:13Z" name="initialize_driver" finished-at="2024-04-26T11:58:19Z" duration-ms="5847" status="PASS">
          <reporter-output>
          </reporter-output>
        </test-method> <!-- initialize_driver -->
        <test-method signature="TC_LF_001_VerifyUserLoginIntoApplicationWithValidCredentials()[pri:1, instance:com.qa.tests.LoginSuite@160ac7fb]" started-at="2024-04-26T11:58:19Z" name="TC_LF_001_VerifyUserLoginIntoApplicationWithValidCredentials" description="TC_LF_001:Verify that user is able to login successfully in the ParaBank application after providing the valid username and password" finished-at="2024-04-26T11:58:20Z" duration-ms="1733" status="PASS">
          <reporter-output>
          </reporter-output>
        </test-method> <!-- TC_LF_001_VerifyUserLoginIntoApplicationWithValidCredentials -->
        <test-method is-config="true" signature="tearDown()[pri:0, instance:com.qa.tests.LoginSuite@160ac7fb]" started-at="2024-04-26T11:58:21Z" name="tearDown" finished-at="2024-04-26T11:58:21Z" duration-ms="172" status="PASS">
          <reporter-output>
          </reporter-output>
        </test-method> <!-- tearDown -->
      </class> <!-- com.qa.tests.LoginSuite -->
    </test> <!-- Login Functionality Validation -->
    <test started-at="2024-04-26T11:58:21Z" name="Account Overview Functionality Validation" finished-at="2024-04-26T11:58:41Z" duration-ms="20264">
      <class name="com.qa.tests.AccountOverviewSuite">
        <test-method is-config="true" signature="initialize_driver()[pri:0, instance:com.qa.tests.AccountOverviewSuite@2ece4966]" started-at="2024-04-26T11:58:21Z" name="initialize_driver" finished-at="2024-04-26T11:58:26Z" duration-ms="5240" status="PASS">
          <reporter-output>
          </reporter-output>
        </test-method> <!-- initialize_driver -->
        <test-method signature="TC_AOF_001_VerifyWhetherAccountOverviewPageDisplayedOrNot()[pri:1, instance:com.qa.tests.AccountOverviewSuite@2ece4966]" started-at="2024-04-26T11:58:26Z" name="TC_AOF_001_VerifyWhetherAccountOverviewPageDisplayedOrNot" description="TC_AOF_001:Verify that Account Overview page is displayed" finished-at="2024-04-26T11:58:29Z" duration-ms="2707" status="PASS">
          <reporter-output>
          </reporter-output>
        </test-method> <!-- TC_AOF_001_VerifyWhetherAccountOverviewPageDisplayedOrNot -->
        <test-method is-config="true" signature="tearDown()[pri:0, instance:com.qa.tests.AccountOverviewSuite@2ece4966]" started-at="2024-04-26T11:58:29Z" name="tearDown" finished-at="2024-04-26T11:58:29Z" duration-ms="152" status="PASS">
          <reporter-output>
          </reporter-output>
        </test-method> <!-- tearDown -->
        <test-method is-config="true" signature="initialize_driver()[pri:0, instance:com.qa.tests.AccountOverviewSuite@2ece4966]" started-at="2024-04-26T11:58:29Z" name="initialize_driver" finished-at="2024-04-26T11:58:35Z" duration-ms="5971" status="PASS">
          <reporter-output>
          </reporter-output>
        </test-method> <!-- initialize_driver -->
        <test-method signature="TC_AOF_002_VerifyUserLandOnAccountDetailsPageAfterClickOnAccountNumberFromAccountOverviewPage()[pri:2, instance:com.qa.tests.AccountOverviewSuite@2ece4966]" started-at="2024-04-26T11:58:35Z" name="TC_AOF_002_VerifyUserLandOnAccountDetailsPageAfterClickOnAccountNumberFromAccountOverviewPage" description="TC_AOF_002:Verify  after click on Account Number in Account Overview page, whether the user land Account details page  and same Account number is displayed in Account Details page" finished-at="2024-04-26T11:58:41Z" duration-ms="5697" status="PASS">
          <reporter-output>
          </reporter-output>
        </test-method> <!-- TC_AOF_002_VerifyUserLandOnAccountDetailsPageAfterClickOnAccountNumberFromAccountOverviewPage -->
        <test-method is-config="true" signature="tearDown()[pri:0, instance:com.qa.tests.AccountOverviewSuite@2ece4966]" started-at="2024-04-26T11:58:41Z" name="tearDown" finished-at="2024-04-26T11:58:41Z" duration-ms="178" status="PASS">
          <reporter-output>
          </reporter-output>
        </test-method> <!-- tearDown -->
      </class> <!-- com.qa.tests.AccountOverviewSuite -->
    </test> <!-- Account Overview Functionality Validation -->
    <test started-at="2024-04-26T11:58:41Z" name="Open New Account Functionality Validation" finished-at="2024-04-26T11:59:22Z" duration-ms="40346">
      <class name="com.qa.tests.OpenNewAccountSuite">
        <test-method is-config="true" signature="initialize_driver()[pri:0, instance:com.qa.tests.OpenNewAccountSuite@630cb4a4]" started-at="2024-04-26T11:58:41Z" name="initialize_driver" finished-at="2024-04-26T11:58:47Z" duration-ms="6017" status="PASS">
          <reporter-output>
          </reporter-output>
        </test-method> <!-- initialize_driver -->
        <test-method signature="TC_ONA_001_VerifyWhetherCheckingOptionPresentInAccountTypeDropdown()[pri:1, instance:com.qa.tests.OpenNewAccountSuite@630cb4a4]" started-at="2024-04-26T11:58:47Z" name="TC_ONA_001_VerifyWhetherCheckingOptionPresentInAccountTypeDropdown" description="TC_ONA_001:Verify that whether the What type of Account would you like to open? Field contains CHECKING option " finished-at="2024-04-26T11:58:50Z" duration-ms="2952" status="PASS">
          <reporter-output>
          </reporter-output>
        </test-method> <!-- TC_ONA_001_VerifyWhetherCheckingOptionPresentInAccountTypeDropdown -->
        <test-method is-config="true" signature="tearDown()[pri:0, instance:com.qa.tests.OpenNewAccountSuite@630cb4a4]" started-at="2024-04-26T11:58:50Z" name="tearDown" finished-at="2024-04-26T11:58:51Z" duration-ms="161" status="PASS">
          <reporter-output>
          </reporter-output>
        </test-method> <!-- tearDown -->
        <test-method is-config="true" signature="initialize_driver()[pri:0, instance:com.qa.tests.OpenNewAccountSuite@630cb4a4]" started-at="2024-04-26T11:58:51Z" name="initialize_driver" finished-at="2024-04-26T11:58:57Z" duration-ms="5928" status="PASS">
          <reporter-output>
          </reporter-output>
        </test-method> <!-- initialize_driver -->
        <test-method signature="TC_ONA_002_VerifyWhetherSavingOptionPresentInAccountTypeDropdown()[pri:2, instance:com.qa.tests.OpenNewAccountSuite@630cb4a4]" started-at="2024-04-26T11:58:57Z" name="TC_ONA_002_VerifyWhetherSavingOptionPresentInAccountTypeDropdown" description="TC_ONA_002:Verify that whether the What type of Account would you like to open? Field contains SAVING option " finished-at="2024-04-26T11:59:00Z" duration-ms="3615" status="PASS">
          <reporter-output>
          </reporter-output>
        </test-method> <!-- TC_ONA_002_VerifyWhetherSavingOptionPresentInAccountTypeDropdown -->
        <test-method is-config="true" signature="tearDown()[pri:0, instance:com.qa.tests.OpenNewAccountSuite@630cb4a4]" started-at="2024-04-26T11:59:00Z" name="tearDown" finished-at="2024-04-26T11:59:00Z" duration-ms="138" status="PASS">
          <reporter-output>
          </reporter-output>
        </test-method> <!-- tearDown -->
        <test-method is-config="true" signature="initialize_driver()[pri:0, instance:com.qa.tests.OpenNewAccountSuite@630cb4a4]" started-at="2024-04-26T11:59:00Z" name="initialize_driver" finished-at="2024-04-26T11:59:06Z" duration-ms="5530" status="PASS">
          <reporter-output>
          </reporter-output>
        </test-method> <!-- initialize_driver -->
        <test-method signature="TC_ONA_003_VerifyWhetherTheUserAbleToCreateNewAccountWithCheckingAccountType()[pri:3, instance:com.qa.tests.OpenNewAccountSuite@630cb4a4]" started-at="2024-04-26T11:59:06Z" name="TC_ONA_003_VerifyWhetherTheUserAbleToCreateNewAccountWithCheckingAccountType" description="TC_ONA_003:Verify whether the user able to create new account with CHECKING as a account type" finished-at="2024-04-26T11:59:11Z" duration-ms="5124" status="PASS">
          <reporter-output>
          </reporter-output>
        </test-method> <!-- TC_ONA_003_VerifyWhetherTheUserAbleToCreateNewAccountWithCheckingAccountType -->
        <test-method is-config="true" signature="tearDown()[pri:0, instance:com.qa.tests.OpenNewAccountSuite@630cb4a4]" started-at="2024-04-26T11:59:11Z" name="tearDown" finished-at="2024-04-26T11:59:11Z" duration-ms="195" status="PASS">
          <reporter-output>
          </reporter-output>
        </test-method> <!-- tearDown -->
        <test-method is-config="true" signature="initialize_driver()[pri:0, instance:com.qa.tests.OpenNewAccountSuite@630cb4a4]" started-at="2024-04-26T11:59:11Z" name="initialize_driver" finished-at="2024-04-26T11:59:16Z" duration-ms="4497" status="PASS">
          <reporter-output>
          </reporter-output>
        </test-method> <!-- initialize_driver -->
        <test-method signature="TC_ONA_004_VerifyWhetherTheUserAbleToCreateNewAccountWithSavingAccountType()[pri:4, instance:com.qa.tests.OpenNewAccountSuite@630cb4a4]" started-at="2024-04-26T11:59:16Z" name="TC_ONA_004_VerifyWhetherTheUserAbleToCreateNewAccountWithSavingAccountType" description="TC_ONA_004:Verify whether the user able to create new account with SAVING as a account type" finished-at="2024-04-26T11:59:21Z" duration-ms="5315" status="PASS">
          <reporter-output>
          </reporter-output>
        </test-method> <!-- TC_ONA_004_VerifyWhetherTheUserAbleToCreateNewAccountWithSavingAccountType -->
        <test-method is-config="true" signature="tearDown()[pri:0, instance:com.qa.tests.OpenNewAccountSuite@630cb4a4]" started-at="2024-04-26T11:59:21Z" name="tearDown" finished-at="2024-04-26T11:59:22Z" duration-ms="198" status="PASS">
          <reporter-output>
          </reporter-output>
        </test-method> <!-- tearDown -->
      </class> <!-- com.qa.tests.OpenNewAccountSuite -->
    </test> <!-- Open New Account Functionality Validation -->
    <test started-at="2024-04-26T11:59:22Z" name="Transfer Fund Functionality Validation" finished-at="2024-04-26T11:59:39Z" duration-ms="17342">
      <class name="com.qa.tests.TransferFundsSuite">
        <test-method is-config="true" signature="initialize_driver()[pri:0, instance:com.qa.tests.TransferFundsSuite@5b7ea70d]" started-at="2024-04-26T11:59:22Z" name="initialize_driver" finished-at="2024-04-26T11:59:28Z" duration-ms="6066" status="PASS">
          <reporter-output>
          </reporter-output>
        </test-method> <!-- initialize_driver -->
        <test-method signature="TC_TF_001_VerifyWhetherUserIsLandOnTransferFundPage()[pri:1, instance:com.qa.tests.TransferFundsSuite@5b7ea70d]" started-at="2024-04-26T11:59:28Z" name="TC_TF_001_VerifyWhetherUserIsLandOnTransferFundPage" description="TC_TF_001:Verify whether the user land on Transfer Funds page" finished-at="2024-04-26T11:59:30Z" duration-ms="2534" status="PASS">
          <reporter-output>
          </reporter-output>
        </test-method> <!-- TC_TF_001_VerifyWhetherUserIsLandOnTransferFundPage -->
        <test-method is-config="true" signature="tearDown()[pri:0, instance:com.qa.tests.TransferFundsSuite@5b7ea70d]" started-at="2024-04-26T11:59:31Z" name="tearDown" finished-at="2024-04-26T11:59:31Z" duration-ms="163" status="PASS">
          <reporter-output>
          </reporter-output>
        </test-method> <!-- tearDown -->
        <test-method is-config="true" signature="initialize_driver()[pri:0, instance:com.qa.tests.TransferFundsSuite@5b7ea70d]" started-at="2024-04-26T11:59:31Z" name="initialize_driver" finished-at="2024-04-26T11:59:34Z" duration-ms="2939" status="PASS">
          <reporter-output>
          </reporter-output>
        </test-method> <!-- initialize_driver -->
        <test-method signature="TC_TF_002_VerifyWhetherTheUserAbleToTransferFund()[pri:2, instance:com.qa.tests.TransferFundsSuite@5b7ea70d]" started-at="2024-04-26T11:59:34Z" name="TC_TF_002_VerifyWhetherTheUserAbleToTransferFund" description="TC_TF_002:Verify that user able to transfer the funds from one account to another account " finished-at="2024-04-26T11:59:39Z" duration-ms="4858" status="PASS">
          <reporter-output>
          </reporter-output>
        </test-method> <!-- TC_TF_002_VerifyWhetherTheUserAbleToTransferFund -->
        <test-method is-config="true" signature="tearDown()[pri:0, instance:com.qa.tests.TransferFundsSuite@5b7ea70d]" started-at="2024-04-26T11:59:39Z" name="tearDown" finished-at="2024-04-26T11:59:39Z" duration-ms="189" status="PASS">
          <reporter-output>
          </reporter-output>
        </test-method> <!-- tearDown -->
      </class> <!-- com.qa.tests.TransferFundsSuite -->
    </test> <!-- Transfer Fund Functionality Validation -->
    <test started-at="2024-04-26T11:59:39Z" name="Bill Payment Functionality Validation" finished-at="2024-04-26T11:59:47Z" duration-ms="7665">
      <class name="com.qa.tests.BillPaymentSuite">
        <test-method is-config="true" signature="initialize_driver()[pri:0, instance:com.qa.tests.BillPaymentSuite@f0e995e]" started-at="2024-04-26T11:59:39Z" name="initialize_driver" finished-at="2024-04-26T11:59:42Z" duration-ms="3399" status="PASS">
          <reporter-output>
          </reporter-output>
        </test-method> <!-- initialize_driver -->
        <test-method signature="TC_BP_001_validateWhetherTheUserAbleBillPayment()[pri:1, instance:com.qa.tests.BillPaymentSuite@f0e995e]" started-at="2024-04-26T11:59:42Z" name="TC_BP_001_validateWhetherTheUserAbleBillPayment" description="TC_BP_001:To Verify that user able to pay the bill to the Payee account" finished-at="2024-04-26T11:59:46Z" duration-ms="3927" status="PASS">
          <reporter-output>
          </reporter-output>
        </test-method> <!-- TC_BP_001_validateWhetherTheUserAbleBillPayment -->
        <test-method is-config="true" signature="tearDown()[pri:0, instance:com.qa.tests.BillPaymentSuite@f0e995e]" started-at="2024-04-26T11:59:46Z" name="tearDown" finished-at="2024-04-26T11:59:47Z" duration-ms="182" status="PASS">
          <reporter-output>
          </reporter-output>
        </test-method> <!-- tearDown -->
      </class> <!-- com.qa.tests.BillPaymentSuite -->
    </test> <!-- Bill Payment Functionality Validation -->
    <test started-at="2024-04-26T11:59:47Z" name="Update Contact Info Functionality Validation" finished-at="2024-04-26T11:59:58Z" duration-ms="10923">
      <class name="com.qa.tests.UpdateContactInfoSuite">
        <test-method is-config="true" signature="initialize_driver()[pri:0, instance:com.qa.tests.UpdateContactInfoSuite@7a8fa663]" started-at="2024-04-26T11:59:47Z" name="initialize_driver" finished-at="2024-04-26T11:59:52Z" duration-ms="5590" status="PASS">
          <reporter-output>
          </reporter-output>
        </test-method> <!-- initialize_driver -->
        <test-method signature="TC_UCI_001_validateWhetherTheUserAbleToUpdateContactInfo()[pri:1, instance:com.qa.tests.UpdateContactInfoSuite@7a8fa663]" started-at="2024-04-26T11:59:52Z" name="TC_UCI_001_validateWhetherTheUserAbleToUpdateContactInfo" description="TC_UCI_001:To Verify that the user able to update address and phone number field from Update profile page" finished-at="2024-04-26T11:59:57Z" duration-ms="4989" status="PASS">
          <reporter-output>
          </reporter-output>
        </test-method> <!-- TC_UCI_001_validateWhetherTheUserAbleToUpdateContactInfo -->
        <test-method is-config="true" signature="tearDown()[pri:0, instance:com.qa.tests.UpdateContactInfoSuite@7a8fa663]" started-at="2024-04-26T11:59:57Z" name="tearDown" finished-at="2024-04-26T11:59:58Z" duration-ms="200" status="PASS">
          <reporter-output>
          </reporter-output>
        </test-method> <!-- tearDown -->
      </class> <!-- com.qa.tests.UpdateContactInfoSuite -->
    </test> <!-- Update Contact Info Functionality Validation -->
  </suite> <!-- Para Bank Web Application  -->
</testng-results>
